2013-12-07 23:15:44.964 [32minfo   [0m: ccu.io        creating datastore/io-settings.json
2013-12-07 23:15:44.966 [32minfo   [0m: ccu.io        creating datastore/adapter-dwd.json
2013-12-07 23:15:44.966 [32minfo   [0m: ccu.io        creating datastore/adapter-email.json
2013-12-07 23:15:44.967 [32minfo   [0m: ccu.io        creating datastore/adapter-geofency.json
2013-12-07 23:15:44.967 [32minfo   [0m: ccu.io        creating datastore/adapter-hue.json
2013-12-07 23:15:44.967 [32minfo   [0m: ccu.io        creating datastore/adapter-muell_stuttgart.json
2013-12-07 23:15:44.968 [32minfo   [0m: ccu.io        creating datastore/adapter-mysql.json
2013-12-07 23:15:44.968 [32minfo   [0m: ccu.io        creating datastore/adapter-ping.json
2013-12-07 23:15:44.968 [32minfo   [0m: ccu.io        creating datastore/adapter-pushover.json
2013-12-07 23:15:44.968 [32minfo   [0m: ccu.io        creating datastore/adapter-rego.json
2013-12-07 23:15:44.969 [32minfo   [0m: ccu.io        creating datastore/adapter-rpi.json
2013-12-07 23:15:44.969 [32minfo   [0m: ccu.io        creating datastore/adapter-sayit.json
2013-12-07 23:15:44.969 [32minfo   [0m: ccu.io        creating datastore/adapter-sonos.json
2013-12-07 23:15:44.969 [32minfo   [0m: ccu.io        creating datastore/adapter-yr.json
2013-12-07 23:15:45.151 [32minfo   [0m: ccu.io        starting version 1.0.1 copyright (c) 2013 hobbyquaker http://hobbyquaker.github.io
2013-12-07 23:15:45.173 [32minfo   [0m: webserver     listening on port 8080
2013-12-07 23:15:45.178 [31merror  [0m: ccu.io        CCU unreachable
2013-12-07 23:16:04.242 [32minfo   [0m: socket.io <-- readdir /Users/marco/ccu.io/www
2013-12-07 23:16:04.243 [32minfo   [0m: socket.io <-- readdir /Users/marco/ccu.io/datastore
2013-12-07 23:16:04.247 [32minfo   [0m: socket.io <-- readdir /Users/marco/ccu.io/adapter
2013-12-07 23:16:31.039 [31merror  [0m: ccu.io        failed loading file /Users/marco/ccu.io/adapter/email/settings.html
2013-12-07 23:22:08.161 [32minfo   [0m: socket.io --> disconnecting socket
2013-12-07 23:22:08.162 [32minfo   [0m: ccu.io        closing http server
2013-12-07 23:22:08.162 [32minfo   [0m: ccu.io        killing child processes
2013-12-07 23:22:08.662 [32minfo   [0m: ccu.io uptime 0 Tage, 0 Stunden, 6 Minuten, 23 Sekunden
2013-12-07 23:22:08.663 [32minfo   [0m: ccu.io        terminating
2013-12-07 23:22:12.295 [32minfo   [0m: ccu.io        creating datastore/adapter-irtrans.json
2013-12-07 23:22:12.462 [32minfo   [0m: ccu.io        starting version 1.0.1 copyright (c) 2013 hobbyquaker http://hobbyquaker.github.io
2013-12-07 23:22:12.482 [32minfo   [0m: webserver     listening on port 8080
2013-12-07 23:22:12.487 [31merror  [0m: ccu.io        CCU unreachable
2013-12-07 23:22:16.231 [32minfo   [0m: socket.io <-- readdir /Users/marco/ccu.io/www
2013-12-07 23:22:16.231 [32minfo   [0m: socket.io <-- readdir /Users/marco/ccu.io/datastore
2013-12-07 23:22:16.232 [32minfo   [0m: socket.io <-- readdir /Users/marco/ccu.io/adapter
2013-12-07 23:22:23.661 [31merror  [0m: ccu.io        failed loading file /Users/marco/ccu.io/adapter/irtrans/settings.html
2013-12-07 23:22:32.682 [31merror  [0m: ccu.io        failed loading file /Users/marco/ccu.io/adapter/irtrans/settings.html
2013-12-07 23:22:57.156 [32minfo   [0m: ccu.io        received restart command
2013-12-07 23:22:57.215 [32minfo   [0m: socket.io --> disconnecting socket
2013-12-07 23:22:57.216 [32minfo   [0m: ccu.io        closing http server
2013-12-07 23:22:57.217 [32minfo   [0m: ccu.io        killing child processes
2013-12-07 23:22:57.490 [32minfo   [0m: ccu.io        starting adapter /Users/marco/ccu.io/adapter/irtrans/irtrans.js
2013-12-07 23:22:57.594 [32minfo   [0m: adapter irtrans starting connect to:192.168.179.33 21000
2013-12-07 23:22:57.596 [32minfo   [0m: adapter irtrans start
2013-12-07 23:22:57.596 [32minfo   [0m: adapter irtrans objects inserted, starting at: 80000
2013-12-07 23:22:57.601 [32minfo   [0m: adapter irtrans connected to irtrans: 192.168.179.33
2013-12-07 23:22:57.718 [32minfo   [0m: ccu.io uptime 0 Tage, 0 Stunden, 0 Minuten, 45 Sekunden
2013-12-07 23:22:57.718 [32minfo   [0m: ccu.io        terminating
2013-12-07 23:22:59.467 [32minfo   [0m: ccu.io        starting version 1.0.1 copyright (c) 2013 hobbyquaker http://hobbyquaker.github.io
2013-12-07 23:22:59.482 [32minfo   [0m: webserver     listening on port 8080
2013-12-07 23:22:59.487 [31merror  [0m: ccu.io        CCU unreachable
2013-12-07 23:23:44.490 [32minfo   [0m: ccu.io        starting adapter /Users/marco/ccu.io/adapter/irtrans/irtrans.js
2013-12-07 23:23:44.592 [32minfo   [0m: adapter irtrans starting connect to:192.168.179.33 21000
2013-12-07 23:23:44.594 [32minfo   [0m: adapter irtrans start
2013-12-07 23:23:44.594 [32minfo   [0m: adapter irtrans objects inserted, starting at: 80000
2013-12-07 23:23:44.597 [32minfo   [0m: adapter irtrans connected to irtrans: 192.168.179.33
2013-12-07 23:23:44.641 [32minfo   [0m: adapter irtrans  connected to ccu.io
2013-12-07 23:25:45.178 [32minfo   [0m: socket.io <-- readdir /Users/marco/ccu.io/www
2013-12-07 23:25:45.179 [32minfo   [0m: socket.io <-- readdir /Users/marco/ccu.io/datastore
2013-12-07 23:25:45.184 [32minfo   [0m: socket.io <-- readdir /Users/marco/ccu.io/adapter
2013-12-07 23:25:53.266 [32minfo   [0m: socket.io --> disconnecting socket
2013-12-07 23:25:53.267 [32minfo   [0m: adapter irtrans  disconnected from ccu.io
2013-12-07 23:25:53.268 [32minfo   [0m: adapter irtrans  terminating
2013-12-07 23:25:53.268 [32minfo   [0m: ccu.io        closing http server
2013-12-07 23:25:53.268 [32minfo   [0m: ccu.io        killing child processes
2013-12-07 23:25:53.769 [32minfo   [0m: ccu.io uptime 0 Tage, 0 Stunden, 2 Minuten, 54 Sekunden
2013-12-07 23:25:53.769 [32minfo   [0m: ccu.io        terminating
2013-12-17 18:22:58.692 [32minfo   [0m: adapter irtrans  terminating
2013-12-17 18:22:58.712 [32minfo   [0m: adapter irtrans  terminating
